<?xml version="1.0" encoding="UTF-8"?>
<testng-results skipped="0" failed="0" ignored="0" total="4" passed="4">
  <reporter-output>
  </reporter-output>
  <suite name="Default suite" duration-ms="50798" started-at="2019-11-13T18:50:42Z" finished-at="2019-11-13T18:51:33Z">
    <groups>
    </groups>
    <test name="Default test" duration-ms="50798" started-at="2019-11-13T18:50:42Z" finished-at="2019-11-13T18:51:33Z">
      <class name="com.training.sanity.tests.LoginTests">
        <test-method status="PASS" signature="setUp()[pri:0, instance:com.training.sanity.tests.LoginTests@d56d67]" name="setUp" is-config="true" duration-ms="15342" started-at="2019-11-14T00:20:42Z" finished-at="2019-11-14T00:20:58Z">
          <reporter-output>
          </reporter-output>
        </test-method> <!-- setUp -->
        <test-method status="PASS" signature="validLoginTest()[pri:1, instance:com.training.sanity.tests.LoginTests@d56d67]" name="validLoginTest" duration-ms="3953" started-at="2019-11-14T00:20:58Z" finished-at="2019-11-14T00:21:02Z">
          <reporter-output>
          </reporter-output>
        </test-method> <!-- validLoginTest -->
        <test-method status="PASS" signature="create_a_course()[pri:2, instance:com.training.sanity.tests.LoginTests@d56d67]" name="create_a_course" duration-ms="20907" started-at="2019-11-14T00:21:02Z" depends-on-methods="com.training.sanity.tests.LoginTests.validLoginTest" finished-at="2019-11-14T00:21:23Z">
          <reporter-output>
          </reporter-output>
        </test-method> <!-- create_a_course -->
        <test-method status="PASS" signature="enter_course_desription()[pri:3, instance:com.training.sanity.tests.LoginTests@d56d67]" name="enter_course_desription" duration-ms="5590" started-at="2019-11-14T00:21:23Z" depends-on-methods="com.training.sanity.tests.LoginTests.create_a_course" finished-at="2019-11-14T00:21:28Z">
          <reporter-output>
          </reporter-output>
        </test-method> <!-- enter_course_desription -->
        <test-method status="PASS" signature="unsubscribe_registered_user()[pri:4, instance:com.training.sanity.tests.LoginTests@d56d67]" name="unsubscribe_registered_user" duration-ms="4976" started-at="2019-11-14T00:21:28Z" depends-on-methods="com.training.sanity.tests.LoginTests.enter_course_desription" finished-at="2019-11-14T00:21:33Z">
          <reporter-output>
          </reporter-output>
        </test-method> <!-- unsubscribe_registered_user -->
      </class> <!-- com.training.sanity.tests.LoginTests -->
    </test> <!-- Default test -->
  </suite> <!-- Default suite -->
</testng-results>
