<?xml version="1.0" encoding="UTF-8"?>
<testng-results skipped="0" failed="0" ignored="0" total="3" passed="3">
  <reporter-output>
  </reporter-output>
  <suite name="Default suite" duration-ms="155980" started-at="2019-11-18T15:43:20Z" finished-at="2019-11-18T15:45:56Z">
    <groups>
    </groups>
    <test name="Default test" duration-ms="155980" started-at="2019-11-18T15:43:20Z" finished-at="2019-11-18T15:45:56Z">
      <class name="com.training.sanity.tests.MyCourseTest">
        <test-method status="PASS" signature="setUp()[pri:0, instance:com.training.sanity.tests.MyCourseTest@d25987]" name="setUp" is-config="true" duration-ms="15034" started-at="2019-11-18T21:13:20Z" finished-at="2019-11-18T21:13:35Z">
          <reporter-output>
          </reporter-output>
        </test-method> <!-- setUp -->
        <test-method status="PASS" signature="myCoursesTabTest()[pri:1, instance:com.training.sanity.tests.MyCourseTest@d25987]" name="myCoursesTabTest" duration-ms="21263" started-at="2019-11-18T21:13:35Z" finished-at="2019-11-18T21:13:56Z">
          <reporter-output>
          </reporter-output>
        </test-method> <!-- myCoursesTabTest -->
        <test-method status="PASS" signature="tearDown()[pri:0, instance:com.training.sanity.tests.MyCourseTest@d25987]" name="tearDown" is-config="true" duration-ms="1842" started-at="2019-11-18T21:13:56Z" finished-at="2019-11-18T21:13:58Z">
          <reporter-output>
          </reporter-output>
        </test-method> <!-- tearDown -->
        <test-method status="PASS" signature="setUp()[pri:0, instance:com.training.sanity.tests.MyCourseTest@d25987]" name="setUp" is-config="true" duration-ms="15060" started-at="2019-11-18T21:13:58Z" finished-at="2019-11-18T21:14:13Z">
          <reporter-output>
          </reporter-output>
        </test-method> <!-- setUp -->
        <test-method status="PASS" signature="reportingTest()[pri:2, instance:com.training.sanity.tests.MyCourseTest@d25987]" name="reportingTest" duration-ms="44230" started-at="2019-11-18T21:14:13Z" finished-at="2019-11-18T21:14:57Z">
          <reporter-output>
          </reporter-output>
        </test-method> <!-- reportingTest -->
        <test-method status="PASS" signature="tearDown()[pri:0, instance:com.training.sanity.tests.MyCourseTest@d25987]" name="tearDown" is-config="true" duration-ms="1787" started-at="2019-11-18T21:14:57Z" finished-at="2019-11-18T21:14:59Z">
          <reporter-output>
          </reporter-output>
        </test-method> <!-- tearDown -->
        <test-method status="PASS" signature="setUp()[pri:0, instance:com.training.sanity.tests.MyCourseTest@d25987]" name="setUp" is-config="true" duration-ms="13980" started-at="2019-11-18T21:14:59Z" finished-at="2019-11-18T21:15:13Z">
          <reporter-output>
          </reporter-output>
        </test-method> <!-- setUp -->
        <test-method status="PASS" signature="generateReportTest()[pri:3, instance:com.training.sanity.tests.MyCourseTest@d25987]" name="generateReportTest" duration-ms="40942" started-at="2019-11-18T21:15:13Z" finished-at="2019-11-18T21:15:54Z">
          <reporter-output>
          </reporter-output>
        </test-method> <!-- generateReportTest -->
        <test-method status="PASS" signature="tearDown()[pri:0, instance:com.training.sanity.tests.MyCourseTest@d25987]" name="tearDown" is-config="true" duration-ms="1797" started-at="2019-11-18T21:15:54Z" finished-at="2019-11-18T21:15:56Z">
          <reporter-output>
          </reporter-output>
        </test-method> <!-- tearDown -->
      </class> <!-- com.training.sanity.tests.MyCourseTest -->
    </test> <!-- Default test -->
  </suite> <!-- Default suite -->
</testng-results>
