<?xml version="1.0" encoding="UTF-8"?>
<!-- Generated by org.testng.reporters.JUnitXMLReporter -->
<testsuite hostname="DESKTOP-1DH2FLQ" ignored="0" name="Default test" tests="3" failures="0" timestamp="18 Nov 2019 15:45:56 GMT" time="155.98" errors="0">
  <testcase name="myCoursesTabTest" time="21.263" classname="com.training.sanity.tests.MyCourseTest"/>
  <testcase name="reportingTest" time="44.23" classname="com.training.sanity.tests.MyCourseTest"/>
  <testcase name="generateReportTest" time="40.942" classname="com.training.sanity.tests.MyCourseTest"/>
</testsuite> <!-- Default test -->
