<?xml version="1.0" encoding="UTF-8"?>
<!-- Generated by org.testng.reporters.JUnitXMLReporter -->
<testsuite hostname="DESKTOP-1DH2FLQ" ignored="0" name="Default test" tests="4" failures="0" timestamp="13 Nov 2019 18:51:33 GMT" time="50.798" errors="0">
  <testcase name="validLoginTest" time="3.953" classname="com.training.sanity.tests.LoginTests"/>
  <testcase name="create_a_course" time="20.907" classname="com.training.sanity.tests.LoginTests"/>
  <testcase name="enter_course_desription" time="5.59" classname="com.training.sanity.tests.LoginTests"/>
  <testcase name="unsubscribe_registered_user" time="4.976" classname="com.training.sanity.tests.LoginTests"/>
</testsuite> <!-- Default test -->
